#
# There is insufficient memory for the Java Runtime Environment to continue.
# Native memory allocation (mmap) failed to map 65536 bytes for Failed to commit metaspace.
# Possible reasons:
#   The system is out of physical RAM or swap space
#   The process is running with CompressedOops enabled, and the Java Heap may be blocking the growth of the native heap
# Possible solutions:
#   Reduce memory load on the system
#   Increase physical memory or swap space
#   Check if swap backing store is full
#   Decrease Java heap size (-Xmx/-Xms)
#   Decrease number of Java threads
#   Decrease Java thread stack sizes (-Xss)
#   Set larger code cache with -XX:ReservedCodeCacheSize=
#   JVM is running with Unscaled Compressed Oops mode in which the Java heap is
#     placed in the first 4GB address space. The Java Heap base address is the
#     maximum limit for the native heap growth. Please use -XX:HeapBaseMinAddress
#     to set the Java Heap base and to place the Java Heap above 4GB virtual address.
# This output file may be truncated or incomplete.
#
#  Out of Memory Error (virtualSpaceNode.cpp:112), pid=10188, tid=9376
#
# JRE version: Java(TM) SE Runtime Environment (21.0.1+12) (build 21.0.1+12-LTS-29)
# Java VM: Java HotSpot(TM) 64-Bit Server VM (21.0.1+12-LTS-29, mixed mode, sharing, tiered, compressed oops, compressed class ptrs, g1 gc, windows-amd64)
# No core dump will be written. Minidumps are not enabled by default on client versions of Windows
#

---------------  S U M M A R Y ------------

Command Line: -javaagent:C:\Program Files\JetBrains\IntelliJ IDEA Community Edition 2023.3.1\lib\idea_rt.jar=54006:C:\Program Files\JetBrains\IntelliJ IDEA Community Edition 2023.3.1\bin -Dfile.encoding=UTF-8 -Dsun.stdout.encoding=UTF-8 -Dsun.stderr.encoding=UTF-8 com.visionwork.studylink.StudylinkApplication

Host: Intel(R) Core(TM) i5-7500 CPU @ 3.40GHz, 4 cores, 7G,  Windows 10 , 64 bit Build 19041 (10.0.19041.3636)
Time: Mon Oct 21 16:17:30 2024 Hora oficial do Brasil elapsed time: 0.452886 seconds (0d 0h 0m 0s)

---------------  T H R E A D  ---------------

Current thread (0x000001f8df036fb0):  JavaThread "main"             [_thread_in_vm, id=9376, stack(0x000000bc0df00000,0x000000bc0e000000) (1024K)]

Stack: [0x000000bc0df00000,0x000000bc0e000000]
Native frames: (J=compiled Java code, j=interpreted, Vv=VM code, C=native code)
V  [jvm.dll+0x6c9029]
V  [jvm.dll+0x854b81]
V  [jvm.dll+0x856e5e]
V  [jvm.dll+0x857543]
V  [jvm.dll+0x280c06]
V  [jvm.dll+0x8508ae]
V  [jvm.dll+0x66ca45]
V  [jvm.dll+0x1e677c]
V  [jvm.dll+0x1e654e]
V  [jvm.dll+0x66f35c]
V  [jvm.dll+0x66f172]
V  [jvm.dll+0x66d41e]
V  [jvm.dll+0x217f0e]
V  [jvm.dll+0x2189b1]
V  [jvm.dll+0x20dc4e]
V  [jvm.dll+0x5ac6dc]
V  [jvm.dll+0x7cd7a6]
V  [jvm.dll+0x46fd60]
V  [jvm.dll+0x4759e8]
C  [java.dll+0x17ec]

Java frames: (J=compiled Java code, j=interpreted, Vv=VM code)
j  java.lang.ClassLoader.defineClass1(Ljava/lang/ClassLoader;Ljava/lang/String;[BIILjava/security/ProtectionDomain;Ljava/lang/String;)Ljava/lang/Class;+0 java.base@21.0.1
j  java.lang.ClassLoader.defineClass(Ljava/lang/String;[BIILjava/security/ProtectionDomain;)Ljava/lang/Class;+27 java.base@21.0.1
j  java.security.SecureClassLoader.defineClass(Ljava/lang/String;[BIILjava/security/CodeSource;)Ljava/lang/Class;+12 java.base@21.0.1
j  jdk.internal.loader.BuiltinClassLoader.defineClass(Ljava/lang/String;Ljdk/internal/loader/Resource;)Ljava/lang/Class;+117 java.base@21.0.1
j  jdk.internal.loader.BuiltinClassLoader.findClassOnClassPathOrNull(Ljava/lang/String;)Ljava/lang/Class;+37 java.base@21.0.1
j  jdk.internal.loader.BuiltinClassLoader.loadClassOrNull(Ljava/lang/String;Z)Ljava/lang/Class;+111 java.base@21.0.1
j  jdk.internal.loader.BuiltinClassLoader.loadClass(Ljava/lang/String;Z)Ljava/lang/Class;+3 java.base@21.0.1
j  jdk.internal.loader.ClassLoaders$AppClassLoader.loadClass(Ljava/lang/String;Z)Ljava/lang/Class;+36 java.base@21.0.1
j  java.lang.ClassLoader.loadClass(Ljava/lang/String;)Ljava/lang/Class;+3 java.base@21.0.1
v  ~StubRoutines::call_stub 0x000001f8f0ab100d
j  com.visionwork.studylink.StudylinkApplication.main([Ljava/lang/String;)V+3
v  ~StubRoutines::call_stub 0x000001f8f0ab100d

---------------  P R O C E S S  ---------------

Threads class SMR info:
_java_thread_list=0x000001f8fd8921c0, length=13, elements={
0x000001f8df036fb0, 0x000001f8fd1dec70, 0x000001f8fd1e0ba0, 0x000001f8fd1e2970,
0x000001f8fd1e53e0, 0x000001f8fd1e5e40, 0x000001f8fd1e68a0, 0x000001f8fd1e7630,
0x000001f8fd1ea880, 0x000001f8fd24e2f0, 0x000001f8fd501da0, 0x000001f8fd73eb40,
0x000001f8fd73f1b0
}

Java Threads: ( => current thread )
=>0x000001f8df036fb0 JavaThread "main"                              [_thread_in_vm, id=9376, stack(0x000000bc0df00000,0x000000bc0e000000) (1024K)]
  0x000001f8fd1dec70 JavaThread "Reference Handler"          daemon [_thread_blocked, id=8940, stack(0x000000bc0e700000,0x000000bc0e800000) (1024K)]
  0x000001f8fd1e0ba0 JavaThread "Finalizer"                  daemon [_thread_blocked, id=10516, stack(0x000000bc0e800000,0x000000bc0e900000) (1024K)]
  0x000001f8fd1e2970 JavaThread "Signal Dispatcher"          daemon [_thread_blocked, id=4056, stack(0x000000bc0e900000,0x000000bc0ea00000) (1024K)]
  0x000001f8fd1e53e0 JavaThread "Attach Listener"            daemon [_thread_blocked, id=7072, stack(0x000000bc0ea00000,0x000000bc0eb00000) (1024K)]
  0x000001f8fd1e5e40 JavaThread "Service Thread"             daemon [_thread_blocked, id=4876, stack(0x000000bc0eb00000,0x000000bc0ec00000) (1024K)]
  0x000001f8fd1e68a0 JavaThread "Monitor Deflation Thread"   daemon [_thread_blocked, id=4828, stack(0x000000bc0ec00000,0x000000bc0ed00000) (1024K)]
  0x000001f8fd1e7630 JavaThread "C2 CompilerThread0"         daemon [_thread_blocked, id=10920, stack(0x000000bc0ed00000,0x000000bc0ee00000) (1024K)]
  0x000001f8fd1ea880 JavaThread "C1 CompilerThread0"         daemon [_thread_blocked, id=10976, stack(0x000000bc0ee00000,0x000000bc0ef00000) (1024K)]
  0x000001f8fd24e2f0 JavaThread "Common-Cleaner"             daemon [_thread_blocked, id=10292, stack(0x000000bc0ef00000,0x000000bc0f000000) (1024K)]
  0x000001f8fd501da0 JavaThread "C2 CompilerThread1"         daemon [_thread_blocked, id=8848, stack(0x000000bc0f000000,0x000000bc0f100000) (1024K)]
  0x000001f8fd73eb40 JavaThread "Monitor Ctrl-Break"         daemon [_thread_in_native, id=5288, stack(0x000000bc0f100000,0x000000bc0f200000) (1024K)]
  0x000001f8fd73f1b0 JavaThread "Notification Thread"        daemon [_thread_blocked, id=2116, stack(0x000000bc0f200000,0x000000bc0f300000) (1024K)]
Total: 13

Other Threads:
  0x000001f8fd1bdb40 VMThread "VM Thread"                           [id=1500, stack(0x000000bc0e600000,0x000000bc0e700000) (1024K)]
  0x000001f8fd1a81b0 WatcherThread "VM Periodic Task Thread"        [id=7844, stack(0x000000bc0e500000,0x000000bc0e600000) (1024K)]
  0x000001f8e1174110 WorkerThread "GC Thread#0"                     [id=10656, stack(0x000000bc0e000000,0x000000bc0e100000) (1024K)]
  0x000001f8e1184df0 ConcurrentGCThread "G1 Main Marker"            [id=10968, stack(0x000000bc0e100000,0x000000bc0e200000) (1024K)]
  0x000001f8e1185aa0 WorkerThread "G1 Conc#0"                       [id=8664, stack(0x000000bc0e200000,0x000000bc0e300000) (1024K)]
  0x000001f8fd0660c0 ConcurrentGCThread "G1 Refine#0"               [id=5020, stack(0x000000bc0e300000,0x000000bc0e400000) (1024K)]
  0x000001f8fd066c30 ConcurrentGCThread "G1 Service"                [id=10676, stack(0x000000bc0e400000,0x000000bc0e500000) (1024K)]
Total: 7

Threads with active compile tasks:
Total: 0

VM state: not at safepoint (normal execution)

VM Mutex/Monitor currently owned by a thread:  ([mutex/lock_event])
[0x00007ffa40e68578] Metaspace_lock - owner thread: 0x000001f8df036fb0

Heap address: 0x0000000081c00000, size: 2020 MB, Compressed Oops mode: 32-bit

CDS archive(s) mapped at: [0x000001f880000000-0x000001f880c90000-0x000001f880c90000), size 13172736, SharedBaseAddress: 0x000001f880000000, ArchiveRelocationMode: 1.
Compressed class space mapped at: 0x000001f881000000-0x000001f8c1000000, reserved size: 1073741824
Narrow klass base: 0x000001f880000000, Narrow klass shift: 0, Narrow klass range: 0x100000000

GC Precious Log:
 CardTable entry size: 512
 Card Set container configuration: InlinePtr #cards 5 size 8 Array Of Cards #cards 12 size 40 Howl #buckets 4 coarsen threshold 1843 Howl Bitmap #cards 512 size 80 coarsen threshold 460 Card regions per heap region 1 cards per card region 2048
 CPUs: 4 total, 4 available
 Memory: 8076M
 Large Page Support: Disabled
 NUMA Support: Disabled
 Compressed Oops: Enabled (32-bit)
 Heap Region Size: 1M
 Heap Min Capacity: 8M
 Heap Initial Capacity: 128M
 Heap Max Capacity: 2020M
 Pre-touch: Disabled
 Parallel Workers: 4
 Concurrent Workers: 1
 Concurrent Refinement Workers: 4
 Periodic GC: Disabled

Heap:
 garbage-first heap   total 131072K, used 7168K [0x0000000081c00000, 0x0000000100000000)
  region size 1024K, 8 young (8192K), 0 survivors (0K)
 Metaspace       used 996K, committed 1088K, reserved 1114112K
  class space    used 75K, committed 128K, reserved 1048576K

Heap Regions: E=young(eden), S=young(survivor), O=old, HS=humongous(starts), HC=humongous(continues), CS=collection set, F=free, TAMS=top-at-mark-start, PB=parsable bottom
|   0|0x0000000081c00000, 0x0000000081d00000, 0x0000000081d00000|100%|HS|  |TAMS 0x0000000081c00000| PB 0x0000000081c00000| Complete 
|   1|0x0000000081d00000, 0x0000000081d00000, 0x0000000081e00000|  0%| F|  |TAMS 0x0000000081d00000| PB 0x0000000081d00000| Untracked 
|   2|0x0000000081e00000, 0x0000000081e00000, 0x0000000081f00000|  0%| F|  |TAMS 0x0000000081e00000| PB 0x0000000081e00000| Untracked 
|   3|0x0000000081f00000, 0x0000000081f00000, 0x0000000082000000|  0%| F|  |TAMS 0x0000000081f00000| PB 0x0000000081f00000| Untracked 
|   4|0x0000000082000000, 0x0000000082000000, 0x0000000082100000|  0%| F|  |TAMS 0x0000000082000000| PB 0x0000000082000000| Untracked 
|   5|0x0000000082100000, 0x0000000082100000, 0x0000000082200000|  0%| F|  |TAMS 0x0000000082100000| PB 0x0000000082100000| Untracked 
|   6|0x0000000082200000, 0x0000000082200000, 0x0000000082300000|  0%| F|  |TAMS 0x0000000082200000| PB 0x0000000082200000| Untracked 
|   7|0x0000000082300000, 0x0000000082300000, 0x0000000082400000|  0%| F|  |TAMS 0x0000000082300000| PB 0x0000000082300000| Untracked 
|   8|0x0000000082400000, 0x0000000082400000, 0x0000000082500000|  0%| F|  |TAMS 0x0000000082400000| PB 0x0000000082400000| Untracked 
|   9|0x0000000082500000, 0x0000000082500000, 0x0000000082600000|  0%| F|  |TAMS 0x0000000082500000| PB 0x0000000082500000| Untracked 
|  10|0x0000000082600000, 0x0000000082600000, 0x0000000082700000|  0%| F|  |TAMS 0x0000000082600000| PB 0x0000000082600000| Untracked 
|  11|0x0000000082700000, 0x0000000082700000, 0x0000000082800000|  0%| F|  |TAMS 0x0000000082700000| PB 0x0000000082700000| Untracked 
|  12|0x0000000082800000, 0x0000000082800000, 0x0000000082900000|  0%| F|  |TAMS 0x0000000082800000| PB 0x0000000082800000| Untracked 
|  13|0x0000000082900000, 0x0000000082900000, 0x0000000082a00000|  0%| F|  |TAMS 0x0000000082900000| PB 0x0000000082900000| Untracked 
|  14|0x0000000082a00000, 0x0000000082a00000, 0x0000000082b00000|  0%| F|  |TAMS 0x0000000082a00000| PB 0x0000000082a00000| Untracked 
|  15|0x0000000082b00000, 0x0000000082b00000, 0x0000000082c00000|  0%| F|  |TAMS 0x0000000082b00000| PB 0x0000000082b00000| Untracked 
|  16|0x0000000082c00000, 0x0000000082c00000, 0x0000000082d00000|  0%| F|  |TAMS 0x0000000082c00000| PB 0x0000000082c00000| Untracked 
|  17|0x0000000082d00000, 0x0000000082d00000, 0x0000000082e00000|  0%| F|  |TAMS 0x0000000082d00000| PB 0x0000000082d00000| Untracked 
|  18|0x0000000082e00000, 0x0000000082e00000, 0x0000000082f00000|  0%| F|  |TAMS 0x0000000082e00000| PB 0x0000000082e00000| Untracked 
|  19|0x0000000082f00000, 0x0000000082f00000, 0x0000000083000000|  0%| F|  |TAMS 0x0000000082f00000| PB 0x0000000082f00000| Untracked 
|  20|0x0000000083000000, 0x0000000083000000, 0x0000000083100000|  0%| F|  |TAMS 0x0000000083000000| PB 0x0000000083000000| Untracked 
|  21|0x0000000083100000, 0x0000000083100000, 0x0000000083200000|  0%| F|  |TAMS 0x0000000083100000| PB 0x0000000083100000| Untracked 
|  22|0x0000000083200000, 0x0000000083200000, 0x0000000083300000|  0%| F|  |TAMS 0x0000000083200000| PB 0x0000000083200000| Untracked 
|  23|0x0000000083300000, 0x0000000083300000, 0x0000000083400000|  0%| F|  |TAMS 0x0000000083300000| PB 0x0000000083300000| Untracked 
|  24|0x0000000083400000, 0x0000000083400000, 0x0000000083500000|  0%| F|  |TAMS 0x0000000083400000| PB 0x0000000083400000| Untracked 
|  25|0x0000000083500000, 0x0000000083500000, 0x0000000083600000|  0%| F|  |TAMS 0x0000000083500000| PB 0x0000000083500000| Untracked 
|  26|0x0000000083600000, 0x0000000083600000, 0x0000000083700000|  0%| F|  |TAMS 0x0000000083600000| PB 0x0000000083600000| Untracked 
|  27|0x0000000083700000, 0x0000000083700000, 0x0000000083800000|  0%| F|  |TAMS 0x0000000083700000| PB 0x0000000083700000| Untracked 
|  28|0x0000000083800000, 0x0000000083800000, 0x0000000083900000|  0%| F|  |TAMS 0x0000000083800000| PB 0x0000000083800000| Untracked 
|  29|0x0000000083900000, 0x0000000083900000, 0x0000000083a00000|  0%| F|  |TAMS 0x0000000083900000| PB 0x0000000083900000| Untracked 
|  30|0x0000000083a00000, 0x0000000083a00000, 0x0000000083b00000|  0%| F|  |TAMS 0x0000000083a00000| PB 0x0000000083a00000| Untracked 
|  31|0x0000000083b00000, 0x0000000083b00000, 0x0000000083c00000|  0%| F|  |TAMS 0x0000000083b00000| PB 0x0000000083b00000| Untracked 
|  32|0x0000000083c00000, 0x0000000083c00000, 0x0000000083d00000|  0%| F|  |TAMS 0x0000000083c00000| PB 0x0000000083c00000| Untracked 
|  33|0x0000000083d00000, 0x0000000083d00000, 0x0000000083e00000|  0%| F|  |TAMS 0x0000000083d00000| PB 0x0000000083d00000| Untracked 
|  34|0x0000000083e00000, 0x0000000083e00000, 0x0000000083f00000|  0%| F|  |TAMS 0x0000000083e00000| PB 0x0000000083e00000| Untracked 
|  35|0x0000000083f00000, 0x0000000083f00000, 0x0000000084000000|  0%| F|  |TAMS 0x0000000083f00000| PB 0x0000000083f00000| Untracked 
|  36|0x0000000084000000, 0x0000000084000000, 0x0000000084100000|  0%| F|  |TAMS 0x0000000084000000| PB 0x0000000084000000| Untracked 
|  37|0x0000000084100000, 0x0000000084100000, 0x0000000084200000|  0%| F|  |TAMS 0x0000000084100000| PB 0x0000000084100000| Untracked 
|  38|0x0000000084200000, 0x0000000084200000, 0x0000000084300000|  0%| F|  |TAMS 0x0000000084200000| PB 0x0000000084200000| Untracked 
|  39|0x0000000084300000, 0x0000000084300000, 0x0000000084400000|  0%| F|  |TAMS 0x0000000084300000| PB 0x0000000084300000| Untracked 
|  40|0x0000000084400000, 0x0000000084400000, 0x0000000084500000|  0%| F|  |TAMS 0x0000000084400000| PB 0x0000000084400000| Untracked 
|  41|0x0000000084500000, 0x0000000084500000, 0x0000000084600000|  0%| F|  |TAMS 0x0000000084500000| PB 0x0000000084500000| Untracked 
|  42|0x0000000084600000, 0x0000000084600000, 0x0000000084700000|  0%| F|  |TAMS 0x0000000084600000| PB 0x0000000084600000| Untracked 
|  43|0x0000000084700000, 0x0000000084700000, 0x0000000084800000|  0%| F|  |TAMS 0x0000000084700000| PB 0x0000000084700000| Untracked 
|  44|0x0000000084800000, 0x0000000084800000, 0x0000000084900000|  0%| F|  |TAMS 0x0000000084800000| PB 0x0000000084800000| Untracked 
|  45|0x0000000084900000, 0x0000000084900000, 0x0000000084a00000|  0%| F|  |TAMS 0x0000000084900000| PB 0x0000000084900000| Untracked 
|  46|0x0000000084a00000, 0x0000000084a00000, 0x0000000084b00000|  0%| F|  |TAMS 0x0000000084a00000| PB 0x0000000084a00000| Untracked 
|  47|0x0000000084b00000, 0x0000000084b00000, 0x0000000084c00000|  0%| F|  |TAMS 0x0000000084b00000| PB 0x0000000084b00000| Untracked 
|  48|0x0000000084c00000, 0x0000000084c00000, 0x0000000084d00000|  0%| F|  |TAMS 0x0000000084c00000| PB 0x0000000084c00000| Untracked 
|  49|0x0000000084d00000, 0x0000000084d00000, 0x0000000084e00000|  0%| F|  |TAMS 0x0000000084d00000| PB 0x0000000084d00000| Untracked 
|  50|0x0000000084e00000, 0x0000000084e00000, 0x0000000084f00000|  0%| F|  |TAMS 0x0000000084e00000| PB 0x0000000084e00000| Untracked 
|  51|0x0000000084f00000, 0x0000000084f00000, 0x0000000085000000|  0%| F|  |TAMS 0x0000000084f00000| PB 0x0000000084f00000| Untracked 
|  52|0x0000000085000000, 0x0000000085000000, 0x0000000085100000|  0%| F|  |TAMS 0x0000000085000000| PB 0x0000000085000000| Untracked 
|  53|0x0000000085100000, 0x0000000085100000, 0x0000000085200000|  0%| F|  |TAMS 0x0000000085100000| PB 0x0000000085100000| Untracked 
|  54|0x0000000085200000, 0x0000000085200000, 0x0000000085300000|  0%| F|  |TAMS 0x0000000085200000| PB 0x0000000085200000| Untracked 
|  55|0x0000000085300000, 0x0000000085300000, 0x0000000085400000|  0%| F|  |TAMS 0x0000000085300000| PB 0x0000000085300000| Untracked 
|  56|0x0000000085400000, 0x0000000085400000, 0x0000000085500000|  0%| F|  |TAMS 0x0000000085400000| PB 0x0000000085400000| Untracked 
|  57|0x0000000085500000, 0x0000000085500000, 0x0000000085600000|  0%| F|  |TAMS 0x0000000085500000| PB 0x0000000085500000| Untracked 
|  58|0x0000000085600000, 0x0000000085600000, 0x0000000085700000|  0%| F|  |TAMS 0x0000000085600000| PB 0x0000000085600000| Untracked 
|  59|0x0000000085700000, 0x0000000085700000, 0x0000000085800000|  0%| F|  |TAMS 0x0000000085700000| PB 0x0000000085700000| Untracked 
|  60|0x0000000085800000, 0x0000000085800000, 0x0000000085900000|  0%| F|  |TAMS 0x0000000085800000| PB 0x0000000085800000| Untracked 
|  61|0x0000000085900000, 0x0000000085900000, 0x0000000085a00000|  0%| F|  |TAMS 0x0000000085900000| PB 0x0000000085900000| Untracked 
|  62|0x0000000085a00000, 0x0000000085a00000, 0x0000000085b00000|  0%| F|  |TAMS 0x0000000085a00000| PB 0x0000000085a00000| Untracked 
|  63|0x0000000085b00000, 0x0000000085b00000, 0x0000000085c00000|  0%| F|  |TAMS 0x0000000085b00000| PB 0x0000000085b00000| Untracked 
|  64|0x0000000085c00000, 0x0000000085c00000, 0x0000000085d00000|  0%| F|  |TAMS 0x0000000085c00000| PB 0x0000000085c00000| Untracked 
|  65|0x0000000085d00000, 0x0000000085d00000, 0x0000000085e00000|  0%| F|  |TAMS 0x0000000085d00000| PB 0x0000000085d00000| Untracked 
|  66|0x0000000085e00000, 0x0000000085e00000, 0x0000000085f00000|  0%| F|  |TAMS 0x0000000085e00000| PB 0x0000000085e00000| Untracked 
|  67|0x0000000085f00000, 0x0000000085f00000, 0x0000000086000000|  0%| F|  |TAMS 0x0000000085f00000| PB 0x0000000085f00000| Untracked 
|  68|0x0000000086000000, 0x0000000086000000, 0x0000000086100000|  0%| F|  |TAMS 0x0000000086000000| PB 0x0000000086000000| Untracked 
|  69|0x0000000086100000, 0x0000000086100000, 0x0000000086200000|  0%| F|  |TAMS 0x0000000086100000| PB 0x0000000086100000| Untracked 
|  70|0x0000000086200000, 0x0000000086200000, 0x0000000086300000|  0%| F|  |TAMS 0x0000000086200000| PB 0x0000000086200000| Untracked 
|  71|0x0000000086300000, 0x0000000086300000, 0x0000000086400000|  0%| F|  |TAMS 0x0000000086300000| PB 0x0000000086300000| Untracked 
|  72|0x0000000086400000, 0x0000000086400000, 0x0000000086500000|  0%| F|  |TAMS 0x0000000086400000| PB 0x0000000086400000| Untracked 
|  73|0x0000000086500000, 0x0000000086500000, 0x0000000086600000|  0%| F|  |TAMS 0x0000000086500000| PB 0x0000000086500000| Untracked 
|  74|0x0000000086600000, 0x0000000086600000, 0x0000000086700000|  0%| F|  |TAMS 0x0000000086600000| PB 0x0000000086600000| Untracked 
|  75|0x0000000086700000, 0x0000000086700000, 0x0000000086800000|  0%| F|  |TAMS 0x0000000086700000| PB 0x0000000086700000| Untracked 
|  76|0x0000000086800000, 0x0000000086800000, 0x0000000086900000|  0%| F|  |TAMS 0x0000000086800000| PB 0x0000000086800000| Untracked 
|  77|0x0000000086900000, 0x0000000086900000, 0x0000000086a00000|  0%| F|  |TAMS 0x0000000086900000| PB 0x0000000086900000| Untracked 
|  78|0x0000000086a00000, 0x0000000086a00000, 0x0000000086b00000|  0%| F|  |TAMS 0x0000000086a00000| PB 0x0000000086a00000| Untracked 
|  79|0x0000000086b00000, 0x0000000086b00000, 0x0000000086c00000|  0%| F|  |TAMS 0x0000000086b00000| PB 0x0000000086b00000| Untracked 
|  80|0x0000000086c00000, 0x0000000086c00000, 0x0000000086d00000|  0%| F|  |TAMS 0x0000000086c00000| PB 0x0000000086c00000| Untracked 
|  81|0x0000000086d00000, 0x0000000086d00000, 0x0000000086e00000|  0%| F|  |TAMS 0x0000000086d00000| PB 0x0000000086d00000| Untracked 
|  82|0x0000000086e00000, 0x0000000086e00000, 0x0000000086f00000|  0%| F|  |TAMS 0x0000000086e00000| PB 0x0000000086e00000| Untracked 
|  83|0x0000000086f00000, 0x0000000086f00000, 0x0000000087000000|  0%| F|  |TAMS 0x0000000086f00000| PB 0x0000000086f00000| Untracked 
|  84|0x0000000087000000, 0x0000000087000000, 0x0000000087100000|  0%| F|  |TAMS 0x0000000087000000| PB 0x0000000087000000| Untracked 
|  85|0x0000000087100000, 0x0000000087100000, 0x0000000087200000|  0%| F|  |TAMS 0x0000000087100000| PB 0x0000000087100000| Untracked 
|  86|0x0000000087200000, 0x0000000087200000, 0x0000000087300000|  0%| F|  |TAMS 0x0000000087200000| PB 0x0000000087200000| Untracked 
|  87|0x0000000087300000, 0x0000000087300000, 0x0000000087400000|  0%| F|  |TAMS 0x0000000087300000| PB 0x0000000087300000| Untracked 
|  88|0x0000000087400000, 0x0000000087400000, 0x0000000087500000|  0%| F|  |TAMS 0x0000000087400000| PB 0x0000000087400000| Untracked 
|  89|0x0000000087500000, 0x0000000087500000, 0x0000000087600000|  0%| F|  |TAMS 0x0000000087500000| PB 0x0000000087500000| Untracked 
|  90|0x0000000087600000, 0x0000000087600000, 0x0000000087700000|  0%| F|  |TAMS 0x0000000087600000| PB 0x0000000087600000| Untracked 
|  91|0x0000000087700000, 0x0000000087700000, 0x0000000087800000|  0%| F|  |TAMS 0x0000000087700000| PB 0x0000000087700000| Untracked 
|  92|0x0000000087800000, 0x0000000087800000, 0x0000000087900000|  0%| F|  |TAMS 0x0000000087800000| PB 0x0000000087800000| Untracked 
|  93|0x0000000087900000, 0x0000000087900000, 0x0000000087a00000|  0%| F|  |TAMS 0x0000000087900000| PB 0x0000000087900000| Untracked 
|  94|0x0000000087a00000, 0x0000000087a00000, 0x0000000087b00000|  0%| F|  |TAMS 0x0000000087a00000| PB 0x0000000087a00000| Untracked 
|  95|0x0000000087b00000, 0x0000000087b00000, 0x0000000087c00000|  0%| F|  |TAMS 0x0000000087b00000| PB 0x0000000087b00000| Untracked 
|  96|0x0000000087c00000, 0x0000000087c00000, 0x0000000087d00000|  0%| F|  |TAMS 0x0000000087c00000| PB 0x0000000087c00000| Untracked 
|  97|0x0000000087d00000, 0x0000000087d00000, 0x0000000087e00000|  0%| F|  |TAMS 0x0000000087d00000| PB 0x0000000087d00000| Untracked 
|  98|0x0000000087e00000, 0x0000000087e00000, 0x0000000087f00000|  0%| F|  |TAMS 0x0000000087e00000| PB 0x0000000087e00000| Untracked 
|  99|0x0000000087f00000, 0x0000000087f00000, 0x0000000088000000|  0%| F|  |TAMS 0x0000000087f00000| PB 0x0000000087f00000| Untracked 
| 100|0x0000000088000000, 0x0000000088000000, 0x0000000088100000|  0%| F|  |TAMS 0x0000000088000000| PB 0x0000000088000000| Untracked 
| 101|0x0000000088100000, 0x0000000088100000, 0x0000000088200000|  0%| F|  |TAMS 0x0000000088100000| PB 0x0000000088100000| Untracked 
| 102|0x0000000088200000, 0x0000000088200000, 0x0000000088300000|  0%| F|  |TAMS 0x0000000088200000| PB 0x0000000088200000| Untracked 
| 103|0x0000000088300000, 0x0000000088300000, 0x0000000088400000|  0%| F|  |TAMS 0x0000000088300000| PB 0x0000000088300000| Untracked 
| 104|0x0000000088400000, 0x0000000088400000, 0x0000000088500000|  0%| F|  |TAMS 0x0000000088400000| PB 0x0000000088400000| Untracked 
| 105|0x0000000088500000, 0x0000000088500000, 0x0000000088600000|  0%| F|  |TAMS 0x0000000088500000| PB 0x0000000088500000| Untracked 
| 106|0x0000000088600000, 0x0000000088600000, 0x0000000088700000|  0%| F|  |TAMS 0x0000000088600000| PB 0x0000000088600000| Untracked 
| 107|0x0000000088700000, 0x0000000088700000, 0x0000000088800000|  0%| F|  |TAMS 0x0000000088700000| PB 0x0000000088700000| Untracked 
| 108|0x0000000088800000, 0x0000000088800000, 0x0000000088900000|  0%| F|  |TAMS 0x0000000088800000| PB 0x0000000088800000| Untracked 
| 109|0x0000000088900000, 0x0000000088900000, 0x0000000088a00000|  0%| F|  |TAMS 0x0000000088900000| PB 0x0000000088900000| Untracked 
| 110|0x0000000088a00000, 0x0000000088a00000, 0x0000000088b00000|  0%| F|  |TAMS 0x0000000088a00000| PB 0x0000000088a00000| Untracked 
| 111|0x0000000088b00000, 0x0000000088b00000, 0x0000000088c00000|  0%| F|  |TAMS 0x0000000088b00000| PB 0x0000000088b00000| Untracked 
| 112|0x0000000088c00000, 0x0000000088c00000, 0x0000000088d00000|  0%| F|  |TAMS 0x0000000088c00000| PB 0x0000000088c00000| Untracked 
| 113|0x0000000088d00000, 0x0000000088d00000, 0x0000000088e00000|  0%| F|  |TAMS 0x0000000088d00000| PB 0x0000000088d00000| Untracked 
| 114|0x0000000088e00000, 0x0000000088e00000, 0x0000000088f00000|  0%| F|  |TAMS 0x0000000088e00000| PB 0x0000000088e00000| Untracked 
| 115|0x0000000088f00000, 0x0000000088f00000, 0x0000000089000000|  0%| F|  |TAMS 0x0000000088f00000| PB 0x0000000088f00000| Untracked 
| 116|0x0000000089000000, 0x0000000089000000, 0x0000000089100000|  0%| F|  |TAMS 0x0000000089000000| PB 0x0000000089000000| Untracked 
| 117|0x0000000089100000, 0x0000000089100000, 0x0000000089200000|  0%| F|  |TAMS 0x0000000089100000| PB 0x0000000089100000| Untracked 
| 118|0x0000000089200000, 0x0000000089200000, 0x0000000089300000|  0%| F|  |TAMS 0x0000000089200000| PB 0x0000000089200000| Untracked 
| 119|0x0000000089300000, 0x0000000089300000, 0x0000000089400000|  0%| F|  |TAMS 0x0000000089300000| PB 0x0000000089300000| Untracked 
| 120|0x0000000089400000, 0x0000000089499e90, 0x0000000089500000| 60%| E|  |TAMS 0x0000000089400000| PB 0x0000000089400000| Complete 
| 121|0x0000000089500000, 0x0000000089600000, 0x0000000089600000|100%| E|CS|TAMS 0x0000000089500000| PB 0x0000000089500000| Complete 
| 122|0x0000000089600000, 0x0000000089700000, 0x0000000089700000|100%| E|CS|TAMS 0x0000000089600000| PB 0x0000000089600000| Complete 
| 123|0x0000000089700000, 0x0000000089800000, 0x0000000089800000|100%| E|  |TAMS 0x0000000089700000| PB 0x0000000089700000| Complete 
| 124|0x0000000089800000, 0x0000000089900000, 0x0000000089900000|100%| E|CS|TAMS 0x0000000089800000| PB 0x0000000089800000| Complete 
| 125|0x0000000089900000, 0x0000000089a00000, 0x0000000089a00000|100%| E|CS|TAMS 0x0000000089900000| PB 0x0000000089900000| Complete 
| 126|0x0000000089a00000, 0x0000000089b00000, 0x0000000089b00000|100%| E|CS|TAMS 0x0000000089a00000| PB 0x0000000089a00000| Complete 
| 127|0x0000000089b00000, 0x0000000089c00000, 0x0000000089c00000|100%| E|CS|TAMS 0x0000000089b00000| PB 0x0000000089b00000| Complete 

Card table byte_map: [0x000001f8f8980000,0x000001f8f8d80000] _byte_map_base: 0x000001f8f8572000

Marking Bits: (CMBitMap*) 0x000001f8e1174810
 Bits: [0x000001f8f8d80000, 0x000001f8fad10000)

Polling page: 0x000001f8defe0000

Metaspace:

Usage:
  Non-class:    920.34 KB used.
      Class:     75.95 KB used.
       Both:    996.29 KB used.

Virtual space:
  Non-class space:       64.00 MB reserved,     960.00 KB (  1%) committed,  1 nodes.
      Class space:        1.00 GB reserved,     128.00 KB ( <1%) committed,  1 nodes.
             Both:        1.06 GB reserved,       1.06 MB ( <1%) committed. 

Chunk freelists:
   Non-Class:  11.86 MB
       Class:  15.72 MB
        Both:  27.58 MB

MaxMetaspaceSize: unlimited
CompressedClassSpaceSize: 1.00 GB
Initial GC threshold: 21.00 MB
Current GC threshold: 21.00 MB
CDS: on
 - commit_granule_bytes: 65536.
 - commit_granule_words: 8192.
 - virtual_space_node_default_size: 8388608.
 - enlarge_chunks_in_place: 1.
 - use_allocation_guard: 0.


Internal statistics:

num_allocs_failed_limit: 0.
num_arena_births: 24.
num_arena_deaths: 0.
num_vsnodes_births: 2.
num_vsnodes_deaths: 0.
num_space_committed: 17.
num_space_uncommitted: 0.
num_chunks_returned_to_freelist: 0.
num_chunks_taken_from_freelist: 37.
num_chunk_merges: 0.
num_chunk_splits: 23.
num_chunks_enlarged: 14.
num_inconsistent_stats: 0.

CodeHeap 'non-profiled nmethods': size=120000Kb used=150Kb max_used=150Kb free=119849Kb
 bounds [0x000001f8f1050000, 0x000001f8f12c0000, 0x000001f8f8580000]
CodeHeap 'profiled nmethods': size=120000Kb used=559Kb max_used=559Kb free=119440Kb
 bounds [0x000001f8e9580000, 0x000001f8e97f0000, 0x000001f8f0ab0000]
CodeHeap 'non-nmethods': size=5760Kb used=1302Kb max_used=1314Kb free=4458Kb
 bounds [0x000001f8f0ab0000, 0x000001f8f0d20000, 0x000001f8f1050000]
 total_blobs=837 nmethods=420 adapters=322
 compilation: enabled
              stopped_count=0, restarted_count=0
 full_count=0

Compilation events (20 events):
Event: 0.426 Thread 0x000001f8fd1e7630  410       4       java.lang.String::isLatin1 (19 bytes)
Event: 0.426 Thread 0x000001f8fd1e7630 nmethod 410 0x000001f8f1074810 code [0x000001f8f10749a0, 0x000001f8f1074a30]
Event: 0.433 Thread 0x000001f8fd1ea880  412       3       jdk.internal.misc.Unsafe::putReferenceRelease (9 bytes)
Event: 0.433 Thread 0x000001f8fd1ea880 nmethod 412 0x000001f8e960a590 code [0x000001f8e960a720, 0x000001f8e960a880]
Event: 0.434 Thread 0x000001f8fd1ea880  413       3       java.util.concurrent.ConcurrentHashMap::setTabAt (20 bytes)
Event: 0.434 Thread 0x000001f8fd1ea880 nmethod 413 0x000001f8e960a910 code [0x000001f8e960aac0, 0x000001f8e960acd0]
Event: 0.439 Thread 0x000001f8fd1ea880  414       1       java.net.URL::getPort (5 bytes)
Event: 0.439 Thread 0x000001f8fd1ea880 nmethod 414 0x000001f8f1074f10 code [0x000001f8f10750a0, 0x000001f8f1075168]
Event: 0.440 Thread 0x000001f8fd1ea880  415       1       java.net.URL::getAuthority (5 bytes)
Event: 0.440 Thread 0x000001f8fd1ea880 nmethod 415 0x000001f8f1075210 code [0x000001f8f10753a0, 0x000001f8f1075468]
Event: 0.440 Thread 0x000001f8fd1ea880  416       1       java.net.URL::getPath (5 bytes)
Event: 0.440 Thread 0x000001f8fd1ea880 nmethod 416 0x000001f8f1075510 code [0x000001f8f10756a0, 0x000001f8f1075768]
Event: 0.440 Thread 0x000001f8fd1ea880  417       1       java.net.URL::getQuery (5 bytes)
Event: 0.440 Thread 0x000001f8fd1ea880 nmethod 417 0x000001f8f1075810 code [0x000001f8f10759a0, 0x000001f8f1075a68]
Event: 0.440 Thread 0x000001f8fd1ea880  418       3       java.lang.String::replace (42 bytes)
Event: 0.440 Thread 0x000001f8fd1ea880 nmethod 418 0x000001f8e960ad90 code [0x000001f8e960af60, 0x000001f8e960b2a0]
Event: 0.441 Thread 0x000001f8fd1ea880  419       3       java.lang.CharacterDataLatin1::equalsIgnoreCase (63 bytes)
Event: 0.441 Thread 0x000001f8fd1ea880 nmethod 419 0x000001f8e960b390 code [0x000001f8e960b540, 0x000001f8e960b850]
Event: 0.441 Thread 0x000001f8fd1ea880  420       3       java.util.Objects::checkFromIndexSize (8 bytes)
Event: 0.441 Thread 0x000001f8fd1ea880 nmethod 420 0x000001f8e960b910 code [0x000001f8e960bac0, 0x000001f8e960bce0]

GC Heap History (0 events):
No events

Dll operation events (9 events):
Event: 0.053 Loaded shared library C:\Program Files\Java\jdk-21\bin\java.dll
Event: 0.092 Loaded shared library C:\Program Files\Java\jdk-21\bin\jsvml.dll
Event: 0.165 Loaded shared library C:\Program Files\Java\jdk-21\bin\zip.dll
Event: 0.178 Loaded shared library C:\Program Files\Java\jdk-21\bin\instrument.dll
Event: 0.186 Loaded shared library C:\Program Files\Java\jdk-21\bin\net.dll
Event: 0.188 Loaded shared library C:\Program Files\Java\jdk-21\bin\nio.dll
Event: 0.190 Loaded shared library C:\Program Files\Java\jdk-21\bin\zip.dll
Event: 0.382 Loaded shared library C:\Program Files\JetBrains\IntelliJ IDEA Community Edition 2023.3.1\bin\breakgen64.dll
Event: 0.397 Loaded shared library C:\Program Files\Java\jdk-21\bin\extnet.dll

Deoptimization events (14 events):
Event: 0.255 Thread 0x000001f8df036fb0 Uncommon trap: trap_request=0xffffff45 fr.pc=0x000001f8f10640b4 relative=0x0000000000000974
Event: 0.255 Thread 0x000001f8df036fb0 Uncommon trap: reason=unstable_if action=reinterpret pc=0x000001f8f10640b4 method=java.util.zip.ZipFile$Source.checkAndAddEntry(II)I @ 50 c2
Event: 0.255 Thread 0x000001f8df036fb0 DEOPT PACKING pc=0x000001f8f10640b4 sp=0x000000bc0dffdde0
Event: 0.255 Thread 0x000001f8df036fb0 DEOPT UNPACKING pc=0x000001f8f0b046a2 sp=0x000000bc0dffdd50 mode 2
Event: 0.297 Thread 0x000001f8df036fb0 DEOPT PACKING pc=0x000001f8e958bc99 sp=0x000000bc0dffdbb0
Event: 0.297 Thread 0x000001f8df036fb0 DEOPT UNPACKING pc=0x000001f8f0b04e42 sp=0x000000bc0dffcfd0 mode 0
Event: 0.383 Thread 0x000001f8df036fb0 Uncommon trap: trap_request=0xffffff45 fr.pc=0x000001f8f106808c relative=0x000000000000006c
Event: 0.383 Thread 0x000001f8df036fb0 Uncommon trap: reason=unstable_if action=reinterpret pc=0x000001f8f106808c method=java.lang.String.isLatin1()Z @ 10 c2
Event: 0.383 Thread 0x000001f8df036fb0 DEOPT PACKING pc=0x000001f8f106808c sp=0x000000bc0dffe020
Event: 0.383 Thread 0x000001f8df036fb0 DEOPT UNPACKING pc=0x000001f8f0b046a2 sp=0x000000bc0dffdfb0 mode 2
Event: 0.383 Thread 0x000001f8df036fb0 Uncommon trap: trap_request=0xffffff45 fr.pc=0x000001f8f10516e4 relative=0x00000000000000c4
Event: 0.383 Thread 0x000001f8df036fb0 Uncommon trap: reason=unstable_if action=reinterpret pc=0x000001f8f10516e4 method=java.lang.String.isLatin1()Z @ 10 c2
Event: 0.383 Thread 0x000001f8df036fb0 DEOPT PACKING pc=0x000001f8f10516e4 sp=0x000000bc0dffeb40
Event: 0.383 Thread 0x000001f8df036fb0 DEOPT UNPACKING pc=0x000001f8f0b046a2 sp=0x000000bc0dffea80 mode 2

Classes loaded (20 events):
Event: 0.422 Loading class java/io/BufferedReader
Event: 0.422 Loading class java/io/BufferedReader done
Event: 0.422 Loading class java/net/Socket$SocketInputStream
Event: 0.422 Loading class java/net/Socket$SocketInputStream done
Event: 0.422 Loading class sun/nio/ch/NioSocketImpl$1
Event: 0.422 Loading class sun/nio/ch/NioSocketImpl$1 done
Event: 0.423 Loading class sun/nio/cs/StreamDecoder
Event: 0.423 Loading class sun/nio/cs/StreamDecoder done
Event: 0.423 Loading class sun/nio/cs/US_ASCII$Decoder
Event: 0.431 Loading class sun/nio/cs/US_ASCII$Decoder done
Event: 0.432 Loading class sun/nio/ch/Util
Event: 0.432 Loading class sun/nio/ch/Util done
Event: 0.432 Loading class sun/nio/ch/Util$1
Event: 0.432 Loading class sun/nio/ch/Util$1 done
Event: 0.432 Loading class sun/nio/ch/Util$BufferCache
Event: 0.432 Loading class sun/nio/ch/Util$BufferCache done
Event: 0.432 Loading class java/nio/DirectByteBuffer$Deallocator
Event: 0.432 Loading class java/nio/DirectByteBuffer$Deallocator done
Event: 0.441 Loading class java/lang/IllegalStateException
Event: 0.441 Loading class java/lang/IllegalStateException done

Classes unloaded (0 events):
No events

Classes redefined (0 events):
No events

Internal exceptions (3 events):
Event: 0.362 Thread 0x000001f8df036fb0 Exception <a 'java/lang/NoSuchMethodError'{0x0000000089584cc8}: 'void java.lang.invoke.DirectMethodHandle$Holder.invokeStatic(java.lang.Object, java.lang.Object, java.lang.Object)'> (0x0000000089584cc8) 
thrown [s\open\src\hotspot\share\interpreter\linkResolver.cpp, line 773]
Event: 0.366 Thread 0x000001f8df036fb0 Exception <a 'java/lang/NoSuchMethodError'{0x000000008959c430}: 'java.lang.Object java.lang.invoke.Invokers$Holder.invokeExact_MT(java.lang.Object, java.lang.Object, java.lang.Object, java.lang.Object, java.lang.Object)'> (0x000000008959c430) 
thrown [s\open\src\hotspot\share\interpreter\linkResolver.cpp, line 773]
Event: 0.402 Thread 0x000001f8fd73eb40 Exception <a 'java/lang/NoSuchMethodError'{0x00000000895d2548}: 'void java.lang.invoke.DirectMethodHandle$Holder.invokeStatic(java.lang.Object, java.lang.Object)'> (0x00000000895d2548) 
thrown [s\open\src\hotspot\share\interpreter\linkResolver.cpp, line 773]

ZGC Phase Switch (0 events):
No events

VM Operations (2 events):
Event: 0.150 Executing VM operation: HandshakeAllThreads (Deoptimize)
Event: 0.150 Executing VM operation: HandshakeAllThreads (Deoptimize) done

Events (13 events):
Event: 0.076 Thread 0x000001f8df036fb0 Thread added: 0x000001f8df036fb0
Event: 0.088 Thread 0x000001f8fd1dec70 Thread added: 0x000001f8fd1dec70
Event: 0.088 Thread 0x000001f8fd1e0ba0 Thread added: 0x000001f8fd1e0ba0
Event: 0.089 Thread 0x000001f8fd1e2970 Thread added: 0x000001f8fd1e2970
Event: 0.089 Thread 0x000001f8fd1e53e0 Thread added: 0x000001f8fd1e53e0
Event: 0.089 Thread 0x000001f8fd1e5e40 Thread added: 0x000001f8fd1e5e40
Event: 0.089 Thread 0x000001f8fd1e68a0 Thread added: 0x000001f8fd1e68a0
Event: 0.089 Thread 0x000001f8fd1e7630 Thread added: 0x000001f8fd1e7630
Event: 0.089 Thread 0x000001f8fd1ea880 Thread added: 0x000001f8fd1ea880
Event: 0.145 Thread 0x000001f8fd24e2f0 Thread added: 0x000001f8fd24e2f0
Event: 0.201 Thread 0x000001f8fd501da0 Thread added: 0x000001f8fd501da0
Event: 0.382 Thread 0x000001f8fd73eb40 Thread added: 0x000001f8fd73eb40
Event: 0.382 Thread 0x000001f8fd73f1b0 Thread added: 0x000001f8fd73f1b0


Dynamic libraries:
0x00007ff617340000 - 0x00007ff617350000 	C:\Program Files\Java\jdk-21\bin\java.exe
0x00007ffaa37f0000 - 0x00007ffaa39e8000 	C:\Windows\SYSTEM32\ntdll.dll
0x00007ffaa2e40000 - 0x00007ffaa2efd000 	C:\Windows\System32\KERNEL32.DLL
0x00007ffaa10f0000 - 0x00007ffaa13e6000 	C:\Windows\System32\KERNELBASE.dll
0x00007ffaa15b0000 - 0x00007ffaa16b0000 	C:\Windows\System32\ucrtbase.dll
0x00007ffa8b8b0000 - 0x00007ffa8b8c9000 	C:\Program Files\Java\jdk-21\bin\jli.dll
0x00007ffaa18b0000 - 0x00007ffaa195f000 	C:\Windows\System32\ADVAPI32.dll
0x00007ffaa2740000 - 0x00007ffaa27de000 	C:\Windows\System32\msvcrt.dll
0x00007ffaa2f70000 - 0x00007ffaa300c000 	C:\Windows\System32\sechost.dll
0x00007ffaa2b80000 - 0x00007ffaa2ca6000 	C:\Windows\System32\RPCRT4.dll
0x00007ffaa35f0000 - 0x00007ffaa378e000 	C:\Windows\System32\USER32.dll
0x00007ffaa1820000 - 0x00007ffaa1842000 	C:\Windows\System32\win32u.dll
0x00007ffaa27e0000 - 0x00007ffaa280c000 	C:\Windows\System32\GDI32.dll
0x00007ffaa13f0000 - 0x00007ffaa150a000 	C:\Windows\System32\gdi32full.dll
0x00007ffaa1510000 - 0x00007ffaa15ad000 	C:\Windows\System32\msvcp_win.dll
0x00007ffa97600000 - 0x00007ffa9789a000 	C:\Windows\WinSxS\amd64_microsoft.windows.common-controls_6595b64144ccf1df_6.0.19041.3636_none_60b6a03d71f818d5\COMCTL32.dll
0x00007ffa9bfd0000 - 0x00007ffa9bfda000 	C:\Windows\SYSTEM32\VERSION.dll
0x00007ffa8b890000 - 0x00007ffa8b8ab000 	C:\Program Files\Java\jdk-21\bin\VCRUNTIME140.dll
0x00007ffaa1960000 - 0x00007ffaa1990000 	C:\Windows\System32\IMM32.DLL
0x00007ffa9c500000 - 0x00007ffa9c50c000 	C:\Program Files\Java\jdk-21\bin\vcruntime140_1.dll
0x00007ffa87f30000 - 0x00007ffa87fbe000 	C:\Program Files\Java\jdk-21\bin\msvcp140.dll
0x00007ffa40230000 - 0x00007ffa40f45000 	C:\Program Files\Java\jdk-21\bin\server\jvm.dll
0x00007ffaa2f00000 - 0x00007ffaa2f6b000 	C:\Windows\System32\WS2_32.dll
0x00007ffaa0d30000 - 0x00007ffaa0d7b000 	C:\Windows\SYSTEM32\POWRPROF.dll
0x00007ffa973b0000 - 0x00007ffa973d7000 	C:\Windows\SYSTEM32\WINMM.dll
0x00007ffaa0d10000 - 0x00007ffaa0d22000 	C:\Windows\SYSTEM32\UMPDC.dll
0x00007ffa9eac0000 - 0x00007ffa9ead2000 	C:\Windows\SYSTEM32\kernel.appcore.dll
0x00007ffa8a2d0000 - 0x00007ffa8a2da000 	C:\Program Files\Java\jdk-21\bin\jimage.dll
0x00007ffa8fd30000 - 0x00007ffa8ff14000 	C:\Windows\SYSTEM32\DBGHELP.DLL
0x00007ffa88fe0000 - 0x00007ffa89014000 	C:\Windows\SYSTEM32\dbgcore.DLL
0x00007ffaa1790000 - 0x00007ffaa1812000 	C:\Windows\System32\bcryptPrimitives.dll
0x00007ffa97360000 - 0x00007ffa9736f000 	C:\Program Files\Java\jdk-21\bin\instrument.dll
0x00007ffa882b0000 - 0x00007ffa882cf000 	C:\Program Files\Java\jdk-21\bin\java.dll
0x00007ffaa1e00000 - 0x00007ffaa2545000 	C:\Windows\System32\SHELL32.dll
0x00007ffa9edd0000 - 0x00007ffa9f56b000 	C:\Windows\SYSTEM32\windows.storage.dll
0x00007ffaa3120000 - 0x00007ffaa3474000 	C:\Windows\System32\combase.dll
0x00007ffaa0840000 - 0x00007ffaa086d000 	C:\Windows\SYSTEM32\Wldp.dll
0x00007ffaa2ad0000 - 0x00007ffaa2b7d000 	C:\Windows\System32\SHCORE.dll
0x00007ffaa3010000 - 0x00007ffaa3065000 	C:\Windows\System32\shlwapi.dll
0x00007ffaa0e00000 - 0x00007ffaa0e25000 	C:\Windows\SYSTEM32\profapi.dll
0x00007ffa87ce0000 - 0x00007ffa87db7000 	C:\Program Files\Java\jdk-21\bin\jsvml.dll
0x00007ffa86f90000 - 0x00007ffa86fa8000 	C:\Program Files\Java\jdk-21\bin\zip.dll
0x00007ffa89d90000 - 0x00007ffa89da0000 	C:\Program Files\Java\jdk-21\bin\net.dll
0x00007ffa9c280000 - 0x00007ffa9c38a000 	C:\Windows\SYSTEM32\WINHTTP.dll
0x00007ffaa05a0000 - 0x00007ffaa060a000 	C:\Windows\system32\mswsock.dll
0x00007ffa87ed0000 - 0x00007ffa87ee6000 	C:\Program Files\Java\jdk-21\bin\nio.dll
0x00007ffa8bcc0000 - 0x00007ffa8bcda000 	C:\Program Files\JetBrains\IntelliJ IDEA Community Edition 2023.3.1\bin\breakgen64.dll
0x00007ffa88b00000 - 0x00007ffa88b07000 	C:\Program Files\Java\jdk-21\bin\extnet.dll

dbghelp: loaded successfully - version: 4.0.5 - missing functions: none
symbol engine: initialized successfully - sym options: 0x614 - pdb path: .;C:\Program Files\Java\jdk-21\bin;C:\Windows\SYSTEM32;C:\Windows\WinSxS\amd64_microsoft.windows.common-controls_6595b64144ccf1df_6.0.19041.3636_none_60b6a03d71f818d5;C:\Program Files\Java\jdk-21\bin\server;C:\Program Files\JetBrains\IntelliJ IDEA Community Edition 2023.3.1\bin

VM Arguments:
jvm_args: -javaagent:C:\Program Files\JetBrains\IntelliJ IDEA Community Edition 2023.3.1\lib\idea_rt.jar=54006:C:\Program Files\JetBrains\IntelliJ IDEA Community Edition 2023.3.1\bin -Dfile.encoding=UTF-8 -Dsun.stdout.encoding=UTF-8 -Dsun.stderr.encoding=UTF-8 
java_command: com.visionwork.studylink.StudylinkApplication
java_class_path (initial): C:\Users\aluno\Documents\samuca\StudyLink-API\target\classes;C:\Users\aluno\.m2\repository\org\springframework\boot\spring-boot-starter-data-jpa\3.3.3\spring-boot-starter-data-jpa-3.3.3.jar;C:\Users\aluno\.m2\repository\org\springframework\boot\spring-boot-starter-aop\3.3.3\spring-boot-starter-aop-3.3.3.jar;C:\Users\aluno\.m2\repository\org\aspectj\aspectjweaver\1.9.22.1\aspectjweaver-1.9.22.1.jar;C:\Users\aluno\.m2\repository\org\springframework\boot\spring-boot-starter-jdbc\3.3.3\spring-boot-starter-jdbc-3.3.3.jar;C:\Users\aluno\.m2\repository\com\zaxxer\HikariCP\5.1.0\HikariCP-5.1.0.jar;C:\Users\aluno\.m2\repository\org\springframework\spring-jdbc\6.1.12\spring-jdbc-6.1.12.jar;C:\Users\aluno\.m2\repository\org\hibernate\orm\hibernate-core\6.5.2.Final\hibernate-core-6.5.2.Final.jar;C:\Users\aluno\.m2\repository\jakarta\persistence\jakarta.persistence-api\3.1.0\jakarta.persistence-api-3.1.0.jar;C:\Users\aluno\.m2\repository\jakarta\transaction\jakarta.transaction-api\2.0.1\jakarta.transaction-api-2.0.1.jar;C:\Users\aluno\.m2\repository\org\jboss\logging\jboss-logging\3.5.3.Final\jboss-logging-3.5.3.Final.jar;C:\Users\aluno\.m2\repository\org\hibernate\common\hibernate-commons-annotations\6.0.6.Final\hibernate-commons-annotations-6.0.6.Final.jar;C:\Users\aluno\.m2\repository\io\smallrye\jandex\3.1.2\jandex-3.1.2.jar;C:\Users\aluno\.m2\repository\com\fasterxml\classmate\1.7.0\classmate-1.7.0.jar;C:\Users\aluno\.m2\repository\net\bytebuddy\byte-buddy\1.14.19\byte-buddy-1.14.19.jar;C:\Users\aluno\.m2\repository\org\glassfish\jaxb\jaxb-runtime\4.0.5\jaxb-runtime-4.0.5.jar;C:\Users\aluno\.m2\repository\org\glassfish\jaxb\jaxb-core\4.0.5\jaxb-core-4.0.5.jar;C:\Users\aluno\.m2\repository\org\eclipse\angus\angus-activation\2.0.2\angus-activation-2.0.2.jar;C:\Users\aluno\.m2\repository\org\glassfish\jaxb\txw2\4.0.5\txw2-4.0.5.jar;C:\Users\aluno\.m2\repository\com\sun\istack\istack-commons-runtime\4.1.2\istack-commons-runtime-4.1.2.jar;C:\Users\aluno\.m2\repository\jakarta\inject\jakarta.inject-api\2.0.1\jakarta.inject-api-2.0.1.jar;C:\Users\aluno\.m2\repository\org\antlr\antlr4-runtime\4.13.0\antlr4-runtime-4.13.0.jar;C:\Users\aluno\.m2\repository\org\springframework\data\spring-data-jpa\3.3.3\spring-data-jpa-3.3.3.jar;C:\Users\aluno\.m2\repository\org\springframework\data\spring-data-commons\3.3.3\spring-data-commons-3.3.3.jar;C:\Users\aluno\.m2\repository\org\springframework\spring-orm\6.1.12\spring-orm-6.1.12.jar;C:\Users\aluno\.m2\repository\org\springframework\spring-context\6.1.12\spring-context-6.1.12.jar;C:\Users\aluno\.m2\repository\org\springframework\spring-tx\6.1.12\spring-tx-6.1.12.jar;C:\Users\aluno\.m2\repository\org\springframework\spring-beans\6.1.12\spring-beans-6.1.12.jar;C:\Users\aluno\.m2\repository\jakarta\annotation\jakarta.annotation-api\2.1.1\jakarta.annotation-api-2.1.1.jar;C:\Users\aluno\.m2\repository\org\slf4j\slf4j-api\2.0.16\slf4j-api-2.0.16.jar;C:\Users\aluno\.m2\repository\org\springframework\spring-aspects\6.1.12\spring-aspects-6.1.12.jar;C:\Users\aluno\.m2\repository\org\springframework\boot\spring-boot-starter-web\3.3.3\spring-boot-starter-web-3.3.3.jar;C:\Users\aluno\.m2\repository\org\springframework\boot\spring-boot-starter\3.3.3\spring-boot-starter-3.3.3.jar;C:\Users\aluno\.m2\repository\org\springframework\boot\spring-boot\3.3.3\spring-boot-3.3.3.jar;C:\Users\aluno\.m2\repository\org\springframework\boot\spring-boot-autoconfigure\3.3.3\spring-boot-autoconfigure-3.3.3.jar;C:\Users\aluno\.m2\repository\org\springframework\boot\spring-boot-starter-logging\3.3.3\spring-boot-starter-logging-3.3.3.jar;C:\Users\aluno\.m2\repository\ch\qos\logback\logback-classic\1.5.7\logback-classic-1.5.7.jar;C:\Users\aluno\.m2\repository\ch\qos\logback\logback-core\1.5.7\logback-core-1.5.7.jar;C:\Users\aluno\.m2\repository\org\apache\logging\log4j\log4j-to-slf4j\2.23.1\log4j-to-slf4j-2.23.1.jar;C:\Users\aluno\.m2\repository\org\apache\logging\log4j\log4j-api\2.23.1\log4j-api-2.23.1.jar;C:\Users\aluno\.m2\repository\org\slf4j\jul-to-slf4j\2.0.16\jul-to-slf4j-2.0.16.jar;C:\Users\aluno\.m2\repository\org\yaml\snakeyaml\2.2\snakeyaml-2.2.jar;C:\Users\aluno\.m2\repository\org\springframework\boot\spring-boot-starter-json\3.3.3\spring-boot-starter-json-3.3.3.jar;C:\Users\aluno\.m2\repository\com\fasterxml\jackson\datatype\jackson-datatype-jdk8\2.17.2\jackson-datatype-jdk8-2.17.2.jar;C:\Users\aluno\.m2\repository\com\fasterxml\jackson\datatype\jackson-datatype-jsr310\2.17.2\jackson-datatype-jsr310-2.17.2.jar;C:\Users\aluno\.m2\repository\com\fasterxml\jackson\module\jackson-module-parameter-names\2.17.2\jackson-module-parameter-names-2.17.2.jar;C:\Users\aluno\.m2\repository\org\springframework\boot\spring-boot-starter-tomcat\3.3.3\spring-boot-starter-tomcat-3.3.3.jar;C:\Users\aluno\.m2\repository\org\apache\tomcat\embed\tomcat-embed-core\10.1.28\tomcat-embed-core-10.1.28.jar;C:\Users\aluno\.m2\repository\org\apache\tomcat\embed\tomcat-embed-websocket\10.1.28\tomcat-embed-websocket-10.1.28.jar;C:\Users\aluno\.m2\repository\org\springframework\spring-web\6.1.12\spring-web-6.1.12.jar;C:\Users\aluno\.m2\repository\io\micrometer\micrometer-observation\1.13.3\micrometer-observation-1.13.3.jar;C:\Users\aluno\.m2\repository\io\micrometer\micrometer-commons\1.13.3\micrometer-commons-1.13.3.jar;C:\Users\aluno\.m2\repository\org\springframework\spring-webmvc\6.1.12\spring-webmvc-6.1.12.jar;C:\Users\aluno\.m2\repository\org\springframework\spring-expression\6.1.12\spring-expression-6.1.12.jar;C:\Users\aluno\.m2\repository\com\mysql\mysql-connector-j\8.3.0\mysql-connector-j-8.3.0.jar;C:\Users\aluno\.m2\repository\jakarta\xml\bind\jakarta.xml.bind-api\4.0.2\jakarta.xml.bind-api-4.0.2.jar;C:\Users\aluno\.m2\repository\jakarta\activation\jakarta.activation-api\2.1.3\jakarta.activation-api-2.1.3.jar;C:\Users\aluno\.m2\repository\org\springframework\spring-core\6.1.12\spring-core-6.1.12.jar;C:\Users\aluno\.m2\repository\org\springframework\spring-jcl\6.1.12\spring-jcl-6.1.12.jar;C:\Users\aluno\.m2\repository\org\springframework\boot\spring-boot-starter-security\3.3.3\spring-boot-starter-security-3.3.3.jar;C:\Users\aluno\.m2\repository\org\springframework\spring-aop\6.1.12\spring-aop-6.1.12.jar;C:\Users\aluno\.m2\repository\org\springframework\security\spring-security-config\6.3.3\spring-security-config-6.3.3.jar;C:\Users\aluno\.m2\repository\org\springframework\security\spring-security-core\6.3.3\spring-security-core-6.3.3.jar;C:\Users\aluno\.m2\repository\org\springframework\security\spring-security-crypto\6.3.3\spring-security-crypto-6.3.3.jar;C:\Users\aluno\.m2\repository\org\springframework\security\spring-security-web\6.3.3\spring-security-web-6.3.3.jar;C:\Users\aluno\.m2\repository\com\auth0\java-jwt\4.4.0\java-jwt-4.4.0.jar;C:\Users\aluno\.m2\repository\com\fasterxml\jackson\core\jackson-databind\2.17.2\jackson-databind-2.17.2.jar;C:\Users\aluno\.m2\repository\com\fasterxml\jackson\core\jackson-annotations\2.17.2\jackson-annotations-2.17.2.jar;C:\Users\aluno\.m2\repository\com\fasterxml\jackson\core\jackson-core\2.17.2\jackson-core-2.17.2.jar;C:\Users\aluno\.m2\repository\org\springframework\boot\spring-boot-starter-validation\3.3.3\spring-boot-starter-validation-3.3.3.jar;C:\Users\aluno\.m2\repository\org\apache\tomcat\embed\tomcat-embed-el\10.1.28\tomcat-embed-el-10.1.28.jar;C:\Users\aluno\.m2\repository\org\hibernate\validator\hibernate-validator\8.0.1.Final\hibernate-validator-8.0.1.Final.jar;C:\Users\aluno\.m2\repository\jakarta\validation\jakarta.validation-api\3.0.2\jakarta.validation-api-3.0.2.jar
Launcher Type: SUN_STANDARD

[Global flags]
     intx CICompilerCount                          = 3                                         {product} {ergonomic}
     uint ConcGCThreads                            = 1                                         {product} {ergonomic}
     uint G1ConcRefinementThreads                  = 4                                         {product} {ergonomic}
   size_t G1HeapRegionSize                         = 1048576                                   {product} {ergonomic}
    uintx GCDrainStackTargetSize                   = 64                                        {product} {ergonomic}
   size_t InitialHeapSize                          = 134217728                                 {product} {ergonomic}
   size_t MarkStackSize                            = 4194304                                   {product} {ergonomic}
   size_t MaxHeapSize                              = 2118123520                                {product} {ergonomic}
   size_t MaxNewSize                               = 1270874112                                {product} {ergonomic}
   size_t MinHeapDeltaBytes                        = 1048576                                   {product} {ergonomic}
   size_t MinHeapSize                              = 8388608                                   {product} {ergonomic}
    uintx NonNMethodCodeHeapSize                   = 5832780                                {pd product} {ergonomic}
    uintx NonProfiledCodeHeapSize                  = 122912730                              {pd product} {ergonomic}
    uintx ProfiledCodeHeapSize                     = 122912730                              {pd product} {ergonomic}
    uintx ReservedCodeCacheSize                    = 251658240                              {pd product} {ergonomic}
     bool SegmentedCodeCache                       = true                                      {product} {ergonomic}
   size_t SoftMaxHeapSize                          = 2118123520                             {manageable} {ergonomic}
     bool UseCompressedOops                        = true                           {product lp64_product} {ergonomic}
     bool UseG1GC                                  = true                                      {product} {ergonomic}
     bool UseLargePagesIndividualAllocation        = false                                  {pd product} {ergonomic}

Logging:
Log output configuration:
 #0: stdout all=warning uptime,level,tags foldmultilines=false
 #1: stderr all=off uptime,level,tags foldmultilines=false

Environment Variables:
PATH=C:\Python312\Scripts\;C:\Python312\;C:\Program Files\Common Files\Oracle\Java\javapath;C:\Windows\system32;C:\Windows;C:\Windows\System32\Wbem;C:\Windows\System32\WindowsPowerShell\v1.0\;C:\Windows\System32\OpenSSH\;C:\Program Files\Azure Data Studio\bin;C:\Program Files\nodejs\;C:\ProgramData\chocolatey\bin;C:\Program Files (x86)\Microsoft SQL Server\160\Tools\Binn\;C:\Program Files\Microsoft SQL Server\160\Tools\Binn\;C:\Program Files\Microsoft SQL Server\Client SDK\ODBC\170\Tools\Binn\;C:\Program Files\Microsoft SQL Server\160\DTS\Binn\;C:\Program Files\Microsoft VS Code\bin;C:\Program Files\dotnet\;C:\Bin\x86\;C:\Program Files\Microsoft SQL Server\150\Tools\Binn\;C:\Program Files\PuTTY\;C:\flutter\bin;C:\Android_custom\Sdk\platform-tools;C:\Program Files\Git\cmd;C:\Program Files\Common Files\Autodesk Shared\Advance\;C:\Program Files (x86)\Common Files\Autodesk Shared\Advance\;C:\Users\aluno\AppData\Local\Microsoft\WindowsApps;
USERNAME=aluno
OS=Windows_NT
PROCESSOR_IDENTIFIER=Intel64 Family 6 Model 158 Stepping 9, GenuineIntel
TMP=C:\Users\aluno\AppData\Local\Temp
TEMP=C:\Users\aluno\AppData\Local\Temp




Periodic native trim disabled

---------------  S Y S T E M  ---------------

OS:
 Windows 10 , 64 bit Build 19041 (10.0.19041.3636)
OS uptime: 0 days 1:56 hours

CPU: total 4 (initial active 4) (4 cores per cpu, 1 threads per core) family 6 model 158 stepping 9 microcode 0xb4, cx8, cmov, fxsr, mmx, 3dnowpref, sse, sse2, sse3, ssse3, sse4.1, sse4.2, popcnt, lzcnt, tsc, tscinvbit, avx, avx2, aes, erms, clmul, bmi1, bmi2, rtm, adx, fma, vzeroupper, clflush, clflushopt, rdtscp, f16c
Processor Information for all 4 processors :
  Max Mhz: 3408, Current Mhz: 3408, Mhz Limit: 3408

Memory: 4k page, system-wide physical 8076M (847M free)
TotalPageFile size 8076M (AvailPageFile size 0M)
current process WorkingSet (physical memory assigned to process): 47M, peak: 47M
current process commit charge ("private bytes"): 205M, peak: 205M

vm_info: Java HotSpot(TM) 64-Bit Server VM (21.0.1+12-LTS-29) for windows-amd64 JRE (21.0.1+12-LTS-29), built on 2023-10-05T13:27:09Z by "mach5one" with MS VC++ 17.1 (VS2022)

END.
